2024-09-08 13:45:07.393 +0000 cheshev_nikita_igorevich: Сгенерирован новый UUID: f8g0EaooSlZ2isDS+hUTEiFh5UP+hkxtazE307z4Eq7qinMTL83GJ/zzRLuSZK8YFNVCla9dwLpXxuWYLt2U1bulRQUdgJ+VhsTKPDg/qEvalSE/JHi1szVhl2TK2C90Tmmo2loG17ELiCc44r5cB4u6o9hZ87Mn10Sw2Tr9pgyhLCsiPw0kCfJz/DLBeQRxlFIX0775IjM9W6Rvzepzr1j8I/8YQ//+6gWL0G1K4r+/3wuxHJ9yd41Iz1/Kd5+zMN+E8sgWGwcSuWJ+vG+1nJLiDQwnTo2bPCoF23PZBdOnlroMvkw3gcSmu8BXnXVq2TPfwrq2MrX/K2MiGk2MAA==
2024-09-08 13:45:07.394 +0000 : Скрипт ЗАПУЩЕН. Ожидание новых команд...
2024-09-08 13:45:18.569 +0000 cheshev_nikita_igorevich : cd~
2024-09-08 13:45:20.602 +0000 cheshev_nikita_igorevich : cd ~
2024-09-08 13:45:26.682 +0000 cheshev_nikita_igorevich : ls - la
2024-09-08 13:45:32.779 +0000 cheshev_nikita_igorevich : ls -la
2024-09-08 13:45:46.993 +0000 cheshev_nikita_igorevich : touch report.txt
2024-09-08 13:45:48.010 +0000 cheshev_nikita_igorevich : ls
2024-09-08 13:46:31.645 +0000 cheshev_nikita_igorevich : echo "otchet o system" > report.txt 
2024-09-08 13:46:36.713 +0000 cheshev_nikita_igorevich : cat report.txt 
2024-09-08 13:51:23.822 +0000 cheshev_nikita_igorevich : echo -e "
Disk Space:" >> report.txt 
2024-09-08 13:51:44.145 +0000 cheshev_nikita_igorevich : df -h >> report.txt 
2024-09-08 13:51:48.196 +0000 cheshev_nikita_igorevich : cat report.txt 
2024-09-08 13:53:58.181 +0000 cheshev_nikita_igorevich : echo -e "
Network interfaces:" >> report.txt 
2024-09-08 13:54:30.643 +0000 cheshev_nikita_igorevich : ip link show >> report.txt 
2024-09-08 13:54:32.682 +0000 cheshev_nikita_igorevich : cat report.txt 
2024-09-08 13:54:56.102 +0000 cheshev_nikita_igorevich : echo -e "
IP addr:" >> report.txt 
2024-09-08 13:55:14.400 +0000 cheshev_nikita_igorevich : ip addr show >> report.txt 
2024-09-08 13:55:16.426 +0000 cheshev_nikita_igorevich : cat report.txt 
2024-09-08 13:56:18.253 +0000 cheshev_nikita_igorevich : echo -e "
Network routes:" >> report.txt 
2024-09-08 13:56:35.445 +0000 cheshev_nikita_igorevich : ip route show >> report.txt 
2024-09-08 13:57:03.851 +0000 cheshev_nikita_igorevich : echo -e "
Network connections:" >> report.txt 
2024-09-08 13:57:25.162 +0000 cheshev_nikita_igorevich : netstat -tuln >> report.txt 
2024-09-08 13:57:42.400 +0000 cheshev_nikita_igorevich : sudo apt install net-tools
2024-09-08 13:57:44.433 +0000 cheshev_nikita_igorevich : netstat -tuln >> report.txt 
2024-09-08 13:58:15.881 +0000 cheshev_nikita_igorevich : echo -e "
Results hping:" >> report.txt 
2024-09-08 13:58:40.275 +0000 cheshev_nikita_igorevich : sudo hping3 -S 8.8.8.8 -c 5 >> report.txt 
2024-09-08 13:58:54.447 +0000 cheshev_nikita_igorevich : sudo apt install hping3
2024-09-08 13:59:01.533 +0000 cheshev_nikita_igorevich : sudo hping3 -S 8.8.8.8 -c 5 >> report.txt 
2024-09-08 13:59:05.593 +0000 cheshev_nikita_igorevich : cat report.txt 
2024-09-08 13:59:58.359 +0000 cheshev_nikita_igorevich : echo -e "
Last_lines_of_the_network_log:" >> report.txt 
2024-09-08 14:00:39.904 +0000 cheshev_nikita_igorevich : sudo tail -n 20 /var/log/syslog >> report.txt 
2024-09-08 14:00:41.944 +0000 cheshev_nikita_igorevich : cat report.txt 
2024-09-08 14:52:14.448 +0000 cheshev_nikita_igorevich : ls
2024-09-08 14:52:33.720 +0000 cheshev_nikita_igorevich : mkdir ~/encrypted
2024-09-08 14:52:36.750 +0000 cheshev_nikita_igorevich : ls
2024-09-08 14:53:15.374 +0000 cheshev_nikita_igorevich : sudo apt install ecryptfs-utils 
2024-09-08 14:54:21.200 +0000 cheshev_nikita_igorevich : sudo nano /var/log/command_history.log 
2024-09-08 14:55:57.494 +0000 cheshev_nikita_igorevich : sudo mount -t ecryptfs ~/encrypted ~/encrypted
2024-09-08 14:56:11.708 +0000 cheshev_nikita_igorevich : ls
2024-09-08 14:56:39.102 +0000 cheshev_nikita_igorevich : mv ~/report.txt  ~/encrypted/
2024-09-08 14:56:46.211 +0000 cheshev_nikita_igorevich : cd encrypted
2024-09-08 14:56:48.237 +0000 cheshev_nikita_igorevich : ls
2024-09-08 14:57:00.420 +0000 cheshev_nikita_igorevich : cat report.txt
2024-09-08 15:02:20.894 +0000 cheshev_nikita_igorevich: UUID использован из /var/log/last_uuid.txt: f8g0EaooSlZ2isDS+hUTEiFh5UP+hkxtazE307z4Eq7qinMTL83GJ/zzRLuSZK8YFNVCla9dwLpXxuWYLt2U1bulRQUdgJ+VhsTKPDg/qEvalSE/JHi1szVhl2TK2C90Tmmo2loG17ELiCc44r5cB4u6o9hZ87Mn10Sw2Tr9pgyhLCsiPw0kCfJz/DLBeQRxlFIX0775IjM9W6Rvzepzr1j8I/8YQ//+6gWL0G1K4r+/3wuxHJ9yd41Iz1/Kd5+zMN+E8sgWGwcSuWJ+vG+1nJLiDQwnTo2bPCoF23PZBdOnlroMvkw3gcSmu8BXnXVq2TPfwrq2MrX/K2MiGk2MAA==
2024-09-08 15:02:20.895 +0000 : Скрипт ЗАПУЩЕН. Ожидание новых команд...
2024-09-08 15:02:29.079 +0000 cheshev_nikita_igorevich : ls
2024-09-08 15:02:33.124 +0000 cheshev_nikita_igorevich : cd ~
2024-09-08 15:02:44.251 +0000 cheshev_nikita_igorevich : sudo nano /var/log/command_history.log 
2024-09-08 15:02:53.400 +0000 cheshev_nikita_igorevich : cd encrypted
2024-09-08 15:02:54.409 +0000 cheshev_nikita_igorevich : LS
2024-09-08 15:02:59.470 +0000 cheshev_nikita_igorevich : ls
2024-09-08 15:03:43.107 +0000 cheshev_nikita_igorevich : cd ~
2024-09-08 15:05:02.197 +0000 cheshev_nikita_igorevich : sudo mount -t ecryptfs ~/encrypted ~/encrypted
2024-09-08 15:05:29.566 +0000 cheshev_nikita_igorevich : sudo nano encrypted/report.txt 
2024-09-08 15:08:32.305 +0000 cheshev_nikita_igorevich : cp report.txt report_copy.txt
2024-09-08 15:08:36.357 +0000 cheshev_nikita_igorevich : ls
2024-09-08 15:12:23.706 +0000 cheshev_nikita_igorevich : mv encrypted/report.txt ~/
2024-09-08 15:12:26.765 +0000 cheshev_nikita_igorevich : ls
2024-09-08 15:12:31.832 +0000 cheshev_nikita_igorevich : cd encrypted/
2024-09-08 15:12:33.858 +0000 cheshev_nikita_igorevich : ls
2024-09-08 15:12:37.910 +0000 cheshev_nikita_igorevich : cd ~
2024-09-08 15:12:41.980 +0000 cheshev_nikita_igorevich : cp report.txt report_copy.txt
2024-09-08 15:12:42.996 +0000 cheshev_nikita_igorevich : ls
2024-09-08 15:13:18.478 +0000 cheshev_nikita_igorevich : rm ~/report.txt
2024-09-08 15:13:20.523 +0000 cheshev_nikita_igorevich : ls
2024-09-08 15:18:02.698 +0000 cheshev_nikita_igorevich : pwd archive_files
2024-09-08 15:18:17.918 +0000 cheshev_nikita_igorevich : cd archive_files
2024-09-08 15:22:26.315 +0000 cheshev_nikita_igorevich : tar -czvf archive.tar ~
2024-09-08 15:22:31.403 +0000 cheshev_nikita_igorevich : ls
2024-09-08 15:22:41.506 +0000 cheshev_nikita_igorevich : cat archive.tar
2024-09-08 15:22:48.638 +0000 cheshev_nikita_igorevich : ls
2024-09-08 15:23:09.953 +0000 cheshev_nikita_igorevich : report_copy.txt
2024-09-08 15:23:20.092 +0000 cheshev_nikita_igorevich : ls
2024-09-08 15:23:28.261 +0000 cheshev_nikita_igorevich : cat report_copy.txt
2024-09-08 15:23:30.311 +0000 cheshev_nikita_igorevich : ls
2024-09-08 15:24:41.344 +0000 cheshev_nikita_igorevich : rm ~/archive.tar 
2024-09-08 15:24:42.359 +0000 cheshev_nikita_igorevich : ls
2024-09-08 15:24:50.479 +0000 cheshev_nikita_igorevich : tar -cvf archive.tar ~
2024-09-08 15:24:52.502 +0000 cheshev_nikita_igorevich : ls
2024-09-08 15:24:57.565 +0000 cheshev_nikita_igorevich : cat archive.tar 
2024-09-08 15:25:56.463 +0000 cheshev_nikita_igorevich : mv ~/archive.tar  ~/encrypted/
2024-09-08 15:26:20.818 +0000 cheshev_nikita_igorevich : cd encrypted/
2024-09-08 15:26:22.878 +0000 cheshev_nikita_igorevich : ls
2024-09-08 15:32:17.181 +0000 cheshev_nikita_igorevich: UUID использован из /var/log/last_uuid.txt: f8g0EaooSlZ2isDS+hUTEiFh5UP+hkxtazE307z4Eq7qinMTL83GJ/zzRLuSZK8YFNVCla9dwLpXxuWYLt2U1bulRQUdgJ+VhsTKPDg/qEvalSE/JHi1szVhl2TK2C90Tmmo2loG17ELiCc44r5cB4u6o9hZ87Mn10Sw2Tr9pgyhLCsiPw0kCfJz/DLBeQRxlFIX0775IjM9W6Rvzepzr1j8I/8YQ//+6gWL0G1K4r+/3wuxHJ9yd41Iz1/Kd5+zMN+E8sgWGwcSuWJ+vG+1nJLiDQwnTo2bPCoF23PZBdOnlroMvkw3gcSmu8BXnXVq2TPfwrq2MrX/K2MiGk2MAA==
2024-09-08 15:32:17.182 +0000 : Скрипт ЗАПУЩЕН. Ожидание новых команд...
2024-09-08 15:32:21.237 +0000 cheshev_nikita_igorevich : cd 
2024-09-08 15:32:22.252 +0000 cheshev_nikita_igorevich : ls
2024-09-08 15:32:27.315 +0000 cheshev_nikita_igorevich : cd encrypted
2024-09-08 15:32:29.341 +0000 cheshev_nikita_igorevich : ls
2024-09-08 15:32:54.709 +0000 cheshev_nikita_igorevich : cat ECRYPTFS_FNEK_ENCRYPTED.FWYNO2MLvtFH5USqF8kiFwpPen96Hf9rQRHkqfwGO154tN1HEHZbxWONp--- 
2024-09-08 15:32:56.751 +0000 cheshev_nikita_igorevich : 6c6c6c6c6c
2024-09-08 15:33:05.880 +0000 cheshev_nikita_igorevich : exit
2024-09-08 15:37:47.527 +0000 cheshev_nikita_igorevich: UUID использован из /var/log/last_uuid.txt: f8g0EaooSlZ2isDS+hUTEiFh5UP+hkxtazE307z4Eq7qinMTL83GJ/zzRLuSZK8YFNVCla9dwLpXxuWYLt2U1bulRQUdgJ+VhsTKPDg/qEvalSE/JHi1szVhl2TK2C90Tmmo2loG17ELiCc44r5cB4u6o9hZ87Mn10Sw2Tr9pgyhLCsiPw0kCfJz/DLBeQRxlFIX0775IjM9W6Rvzepzr1j8I/8YQ//+6gWL0G1K4r+/3wuxHJ9yd41Iz1/Kd5+zMN+E8sgWGwcSuWJ+vG+1nJLiDQwnTo2bPCoF23PZBdOnlroMvkw3gcSmu8BXnXVq2TPfwrq2MrX/K2MiGk2MAA==
2024-09-08 15:37:47.528 +0000 : Скрипт ЗАПУЩЕН. Ожидание новых команд...
2024-09-08 15:38:22.190 +0000 cheshev_nikita_igorevich : cd ~
2024-09-08 15:38:44.554 +0000 cheshev_nikita_igorevich : mkdir ~/encrypted/archive
2024-09-08 15:38:45.563 +0000 cheshev_nikita_igorevich : ls
2024-09-08 15:38:53.651 +0000 cheshev_nikita_igorevich : cd encrypted
2024-09-08 15:38:54.671 +0000 cheshev_nikita_igorevich : ls
2024-09-08 15:39:14.027 +0000 cheshev_nikita_igorevich : mv ECRYPTFS_FNEK_ENCRYPTED.FWYNO2MLvtFH5USqF8kiFwpPen96Hf9rQRHkqfwGO154tN1HEHZbxWONp--- archive/
2024-09-08 15:39:16.059 +0000 cheshev_nikita_igorevich : ls
2024-09-08 15:39:22.140 +0000 cheshev_nikita_igorevich : cd archive/
2024-09-08 15:39:24.189 +0000 cheshev_nikita_igorevich : ls
2024-09-08 15:39:27.223 +0000 cheshev_nikita_igorevich : ls ECRYPTFS_FNEK_ENCRYPTED.FWYNO2MLvtFH5USqF8kiFwpPen96Hf9rQRHkqfwGO154tN1HEHZbxWONp--- 
2024-09-08 15:42:03.674 +0000 cheshev_nikita_igorevich : cat ECRYPTFS_FNEK_ENCRYPTED.FWYNO2MLvtFH5USqF8kiFwpPen96Hf9rQRHkqfwGO154tN1HEHZbxWONp--- 
2024-09-08 15:42:15.843 +0000 cheshev_nikita_igorevich : cd ~
2024-09-08 15:46:09.740 +0000 cheshev_nikita_igorevich: UUID использован из /var/log/last_uuid.txt: f8g0EaooSlZ2isDS+hUTEiFh5UP+hkxtazE307z4Eq7qinMTL83GJ/zzRLuSZK8YFNVCla9dwLpXxuWYLt2U1bulRQUdgJ+VhsTKPDg/qEvalSE/JHi1szVhl2TK2C90Tmmo2loG17ELiCc44r5cB4u6o9hZ87Mn10Sw2Tr9pgyhLCsiPw0kCfJz/DLBeQRxlFIX0775IjM9W6Rvzepzr1j8I/8YQ//+6gWL0G1K4r+/3wuxHJ9yd41Iz1/Kd5+zMN+E8sgWGwcSuWJ+vG+1nJLiDQwnTo2bPCoF23PZBdOnlroMvkw3gcSmu8BXnXVq2TPfwrq2MrX/K2MiGk2MAA==
2024-09-08 15:46:09.741 +0000 : Скрипт ЗАПУЩЕН. Ожидание новых команд...
2024-09-08 15:46:16.846 +0000 cheshev_nikita_igorevich : cd ~
2024-09-08 15:46:33.076 +0000 cheshev_nikita_igorevich : ls encrypted/
2024-09-08 15:46:43.228 +0000 cheshev_nikita_igorevich : cd encrypted/
2024-09-08 15:46:47.279 +0000 cheshev_nikita_igorevich : ls archive/
2024-09-08 15:46:57.433 +0000 cheshev_nikita_igorevich : cd ~
2024-09-08 15:47:51.206 +0000 cheshev_nikita_igorevich : sudo mount -t ecryptfs ~/encrypted/archive ~/encrypted/archive
2024-09-08 15:47:55.251 +0000 cheshev_nikita_igorevich : cd encrypted/
2024-09-08 15:47:58.290 +0000 cheshev_nikita_igorevich : ls archive/
2024-09-08 15:48:15.556 +0000 cheshev_nikita_igorevich : cd ~
2024-09-08 15:48:34.799 +0000 cheshev_nikita_igorevich : mkdir extract_directory
2024-09-08 15:48:35.809 +0000 cheshev_nikita_igorevich : ls
2024-09-08 15:49:25.620 +0000 cheshev_nikita_igorevich : tar -xvf ~/encrypted/archive/archive.tar -C ~/extract_directory
2024-09-08 15:49:33.737 +0000 cheshev_nikita_igorevich : ls extract_directory/
2024-09-08 15:51:09.321 +0000 cheshev_nikita_igorevich : rm ~/encrypted/archive/archive.tar 
2024-09-08 15:51:24.543 +0000 cheshev_nikita_igorevich : ls
2024-09-08 15:51:29.606 +0000 cheshev_nikita_igorevich : cd encrypted/
2024-09-08 15:51:34.701 +0000 cheshev_nikita_igorevich : cd archive/
2024-09-08 15:51:35.730 +0000 cheshev_nikita_igorevich : ls
2024-09-08 15:51:38.787 +0000 cheshev_nikita_igorevich : cd ~
2024-09-08 15:52:20.489 +0000 cheshev_nikita_igorevich : ls -la
2024-09-08 15:52:42.889 +0000 cheshev_nikita_igorevich : touch network_report.txt
2024-09-08 15:52:44.919 +0000 cheshev_nikita_igorevich : ls
2024-09-08 15:56:36.847 +0000 cheshev_nikita_igorevich : echo "Network Analysis Report"
2024-09-08 15:56:55.188 +0000 cheshev_nikita_igorevich : echo "Network Analysis Report" > network_report.txt 
2024-09-08 15:56:59.277 +0000 cheshev_nikita_igorevich : cat report_copy.txt 
2024-09-08 15:57:03.366 +0000 cheshev_nikita_igorevich : cat network_report.txt 
2024-09-08 15:57:45.079 +0000 cheshev_nikita_igorevich : sudo nano /var/log/command_history.log 
2024-09-08 15:58:15.576 +0000 cheshev_nikita_igorevich : echo -e "
Network interfaces:" >> report.txt 
2024-09-08 15:58:48.081 +0000 cheshev_nikita_igorevich : echo -e "
Network interfaces:" >> network_report.txt 
2024-09-08 15:59:12.450 +0000 cheshev_nikita_igorevich : ifconfig -a >> network_report.txt 
2024-09-08 15:59:16.510 +0000 cheshev_nikita_igorevich : cat network_report.txt 
2024-09-08 15:59:56.146 +0000 cheshev_nikita_igorevich : echo -e "
IP addr:" >> network_report.txt 
2024-09-08 16:00:32.711 +0000 cheshev_nikita_igorevich : ip addr show >> network_report.txt 
2024-09-08 16:01:05.173 +0000 cheshev_nikita_igorevich : echo -e "
Network routes:" >> network_report.txt 
2024-09-08 16:01:20.436 +0000 cheshev_nikita_igorevich : ip route show >> network_report.txt 
2024-09-08 16:02:39.603 +0000 cheshev_nikita_igorevich : echo -e "
Network connections:" >> network_report.txt 
2024-09-08 16:03:10.107 +0000 cheshev_nikita_igorevich : netstat -an >> network_report.txt 
2024-09-08 16:03:13.146 +0000 cheshev_nikita_igorevich : cat network_report.txt 
2024-09-08 16:06:03.737 +0000 cheshev_nikita_igorevich : hping3 --icmp google.com 
2024-09-08 16:06:16.942 +0000 cheshev_nikita_igorevich : sudo hping3 --icmp google.com 
2024-09-08 16:06:32.157 +0000 cheshev_nikita_igorevich : cat network_report.txt 
2024-09-08 16:06:56.566 +0000 cheshev_nikita_igorevich : echo -e "
hping:" >> network_report.txt 
2024-09-08 16:06:58.592 +0000 cheshev_nikita_igorevich : cat network_report.txt 
2024-09-08 16:07:11.824 +0000 cheshev_nikita_igorevich : sudo hping3 --icmp google.com  >> network_report.txt 
2024-09-08 16:07:14.875 +0000 cheshev_nikita_igorevich : cat network_report.txt 
2024-09-08 16:08:19.888 +0000 cheshev_nikita_igorevich : echo -e "
Last_lines_of_the_network_connection:" >> network_report.txt 
2024-09-08 16:08:54.426 +0000 cheshev_nikita_igorevich : tail -n 20 /var/log/syslog >> network_report.txt 
2024-09-08 16:08:57.469 +0000 cheshev_nikita_igorevich : cat network_report.txt 
2024-09-08 16:14:17.813 +0000 cheshev_nikita_igorevich : sudo nano network_report.txt 
2024-09-08 16:14:39.206 +0000 cheshev_nikita_igorevich : ls
2024-09-08 16:15:10.654 +0000 cheshev_nikita_igorevich : mv network_report.txt ~/encrypted/
2024-09-08 16:15:12.711 +0000 cheshev_nikita_igorevich : ls
2024-09-08 16:15:17.779 +0000 cheshev_nikita_igorevich : cd encrypted/
2024-09-08 16:15:21.875 +0000 cheshev_nikita_igorevich : ls
2024-09-08 16:20:03.771 +0000 cheshev_nikita_igorevich: UUID использован из /var/log/last_uuid.txt: f8g0EaooSlZ2isDS+hUTEiFh5UP+hkxtazE307z4Eq7qinMTL83GJ/zzRLuSZK8YFNVCla9dwLpXxuWYLt2U1bulRQUdgJ+VhsTKPDg/qEvalSE/JHi1szVhl2TK2C90Tmmo2loG17ELiCc44r5cB4u6o9hZ87Mn10Sw2Tr9pgyhLCsiPw0kCfJz/DLBeQRxlFIX0775IjM9W6Rvzepzr1j8I/8YQ//+6gWL0G1K4r+/3wuxHJ9yd41Iz1/Kd5+zMN+E8sgWGwcSuWJ+vG+1nJLiDQwnTo2bPCoF23PZBdOnlroMvkw3gcSmu8BXnXVq2TPfwrq2MrX/K2MiGk2MAA==
2024-09-08 16:20:03.772 +0000 : Скрипт ЗАПУЩЕН. Ожидание новых команд...
2024-09-08 16:20:12.935 +0000 cheshev_nikita_igorevich : cd encrypted/
2024-09-08 16:20:15.995 +0000 cheshev_nikita_igorevich : cd ~
2024-09-08 16:20:18.040 +0000 cheshev_nikita_igorevich : cd encrypted/
2024-09-08 16:20:22.122 +0000 cheshev_nikita_igorevich : ls
2024-09-08 16:38:37.108 +0000 cheshev_nikita_igorevich : mv network_report.txt ~/
2024-09-08 16:38:39.143 +0000 cheshev_nikita_igorevich : ls
2024-09-08 16:38:47.268 +0000 cheshev_nikita_igorevich : cd ..
2024-09-08 16:39:03.490 +0000 cheshev_nikita_igorevich : mkdir ecrypted2
2024-09-08 16:39:04.508 +0000 cheshev_nikita_igorevich : ls
2024-09-08 16:40:48.141 +0000 cheshev_nikita_igorevich : sudo mount -t ecryptfs ~/ecrypted2 ~/ecrypted2
2024-09-08 16:41:24.675 +0000 cheshev_nikita_igorevich : mv network_report.txt  ~/ecrypted2/
2024-09-08 16:41:26.715 +0000 cheshev_nikita_igorevich : ls
2024-09-08 16:41:39.906 +0000 cheshev_nikita_igorevich : cat report
2024-09-08 16:41:47.043 +0000 cheshev_nikita_igorevich : cat report.txt
2024-09-08 16:42:00.232 +0000 cheshev_nikita_igorevich : rm ~/report/txt
2024-09-08 16:42:03.279 +0000 cheshev_nikita_igorevich : rm ~/report.txt
2024-09-08 16:42:05.308 +0000 cheshev_nikita_igorevich : ls
2024-09-08 16:42:15.456 +0000 cheshev_nikita_igorevich : cd ecrypted2/
2024-09-08 16:42:16.475 +0000 cheshev_nikita_igorevich : ls
2024-09-08 16:45:24.395 +0000 cheshev_nikita_igorevich: UUID использован из /var/log/last_uuid.txt: f8g0EaooSlZ2isDS+hUTEiFh5UP+hkxtazE307z4Eq7qinMTL83GJ/zzRLuSZK8YFNVCla9dwLpXxuWYLt2U1bulRQUdgJ+VhsTKPDg/qEvalSE/JHi1szVhl2TK2C90Tmmo2loG17ELiCc44r5cB4u6o9hZ87Mn10Sw2Tr9pgyhLCsiPw0kCfJz/DLBeQRxlFIX0775IjM9W6Rvzepzr1j8I/8YQ//+6gWL0G1K4r+/3wuxHJ9yd41Iz1/Kd5+zMN+E8sgWGwcSuWJ+vG+1nJLiDQwnTo2bPCoF23PZBdOnlroMvkw3gcSmu8BXnXVq2TPfwrq2MrX/K2MiGk2MAA==
2024-09-08 16:45:24.397 +0000 : Скрипт ЗАПУЩЕН. Ожидание новых команд...
2024-09-08 16:45:34.579 +0000 cheshev_nikita_igorevich : cd ~
2024-09-08 16:45:36.606 +0000 cheshev_nikita_igorevich : cd ecrypted2/
2024-09-08 16:45:38.633 +0000 cheshev_nikita_igorevich : ls
2024-09-08 16:45:50.827 +0000 cheshev_nikita_igorevich : cat ECRYPTFS_FNEK_ENCRYPTED.FXYNO2MLvtFH5USqF8kiFwpPen96Hf9rQRHkfQyHN0tDpv7UeHqwtjRvLgI6PrYBDChkY.FMWmeUolk- 
2024-09-08 16:46:32.583 +0000 cheshev_nikita_igorevich : cd ~
2024-09-08 16:47:24.351 +0000 cheshev_nikita_igorevich : sudo mount -t ecryptfs ~/ecrypted2 ~/ecrypted2
2024-09-08 16:47:29.439 +0000 cheshev_nikita_igorevich : cd ecrypted2/
2024-09-08 16:47:31.460 +0000 cheshev_nikita_igorevich : ls
2024-09-08 16:47:37.545 +0000 cheshev_nikita_igorevich : cat network_report.txt 
2024-09-08 16:47:53.791 +0000 cheshev_nikita_igorevich : mv network_report.txt ~/
2024-09-08 16:47:55.812 +0000 cheshev_nikita_igorevich : ls
2024-09-08 16:47:58.884 +0000 cheshev_nikita_igorevich : cd ~
2024-09-08 16:48:23.260 +0000 cheshev_nikita_igorevich : cp network_report.txt network_report_copy.txt
2024-09-08 16:48:25.293 +0000 cheshev_nikita_igorevich : ls
2024-09-08 16:48:40.514 +0000 cheshev_nikita_igorevich : cat network_report_copy.txt 
2024-09-08 16:49:58.739 +0000 cheshev_nikita_igorevich : rm ~/network_report.txt
2024-09-08 16:49:59.752 +0000 cheshev_nikita_igorevich : ls
2024-09-08 16:50:34.260 +0000 cheshev_nikita_igorevich : mkdir ~/archive
2024-09-08 16:50:39.340 +0000 cheshev_nikita_igorevich : ls
2024-09-08 16:52:46.427 +0000 cheshev_nikita_igorevich : tar -cvf backup.tar ~
2024-09-08 16:52:49.462 +0000 cheshev_nikita_igorevich : ls
2024-09-08 16:53:10.860 +0000 cheshev_nikita_igorevich : mv backup.tar ~/archive
2024-09-08 16:53:12.931 +0000 cheshev_nikita_igorevich : ls
2024-09-08 16:53:20.078 +0000 cheshev_nikita_igorevich : ls archive/
2024-09-08 16:54:13.928 +0000 cheshev_nikita_igorevich : mkdir ~/extracted_backup
2024-09-08 16:54:15.963 +0000 cheshev_nikita_igorevich : ls
2024-09-08 16:55:04.773 +0000 cheshev_nikita_igorevich : mv ~/archive/backup.tar ~/extracted_backup
2024-09-08 16:55:05.789 +0000 cheshev_nikita_igorevich : ls
2024-09-08 16:55:12.939 +0000 cheshev_nikita_igorevich : ls extracted_backup/
2024-09-08 16:56:45.506 +0000 cheshev_nikita_igorevich : tar -xvf ~/extracted_backup/backup.tar -C ~/extracted_backup
2024-09-08 16:56:52.645 +0000 cheshev_nikita_igorevich : ls extracted_backup/
2024-09-08 16:57:29.439 +0000 cheshev_nikita_igorevich : rm ~/extracted_backup/backup.tar 
2024-09-08 16:57:35.543 +0000 cheshev_nikita_igorevich : ls extracted_backup/
2024-09-08 16:58:08.232 +0000 cheshev_nikita_igorevich : ls extracted_backup/home
2024-09-08 16:58:12.316 +0000 cheshev_nikita_igorevich : ls extracted_backup/home/cheshev_nikita_igorevich/
2024-09-08 16:58:27.586 +0000 cheshev_nikita_igorevich : ls extracted_backup/home/cheshev_nikita_igorevich/report_copy.txt 
2024-09-08 16:58:36.804 +0000 cheshev_nikita_igorevich : cd ~
2024-09-08 16:59:18.744 +0000 cheshev_nikita_igorevich : mv ~/extracted_backup/home ~/
2024-09-08 16:59:19.764 +0000 cheshev_nikita_igorevich : ls
2024-09-08 17:00:05.726 +0000 cheshev_nikita_igorevich : rmdir ~/extracted_backup
2024-09-08 17:00:06.744 +0000 cheshev_nikita_igorevich : ls
2024-09-08 17:00:59.871 +0000 cheshev_nikita_igorevich : touch summary.txt
2024-09-08 17:01:40.637 +0000 cheshev_nikita_igorevich : echo "Summary_of_actions_performed"
2024-09-08 17:01:56.004 +0000 cheshev_nikita_igorevich : echo "Summary_of_actions_performed" > summary.txt 
2024-09-08 17:04:44.635 +0000 cheshev_nikita_igorevich : sudo nano /var/log/command_history.log 
2024-09-08 17:05:05.073 +0000 cheshev_nikita_igorevich : cat  /var/log/command_history.log >> summary.txt 
2024-09-08 17:05:12.202 +0000 cheshev_nikita_igorevich : cat summary.txt 
2024-09-08 17:06:17.507 +0000 cheshev_nikita_igorevich : cp ~/var/log/syslog ~/syslog_copy.log
2024-09-08 17:06:30.802 +0000 cheshev_nikita_igorevich : cp /var/log/syslog ~/syslog_copy.log
2024-09-08 17:06:32.833 +0000 cheshev_nikita_igorevich : ls
2024-09-08 17:06:45.126 +0000 cheshev_nikita_igorevich : cat syslog_copy.log 
2024-09-08 17:07:00.479 +0000 cheshev_nikita_igorevich : ls~
2024-09-08 17:07:03.545 +0000 cheshev_nikita_igorevich : ls ~
2024-09-08 17:07:31.104 +0000 cheshev_nikita_igorevich : tail -n 20 ~/syslog_copy.log 
2024-09-08 17:08:01.688 +0000 cheshev_nikita_igorevich : rm ~/syslog_copy.log 
2024-09-08 17:09:30.460 +0000 cheshev_nikita_igorevich : touch command_history.txt
2024-09-08 17:09:31.483 +0000 cheshev_nikita_igorevich : ls
2024-09-08 17:09:52.927 +0000 cheshev_nikita_igorevich : history
2024-09-08 17:10:06.262 +0000 cheshev_nikita_igorevich : history > command_history.txt 
2024-09-08 17:10:12.398 +0000 cheshev_nikita_igorevich : cat command_history.txt 
2024-09-08 17:10:23.632 +0000 cheshev_nikita_igorevich : history 
2024-09-08 17:10:34.847 +0000 cheshev_nikita_igorevich : sudo nano command_history.txt 
2024-09-08 17:14:16.550 +0000 cheshev_nikita_igorevich : help
2024-09-08 17:14:23.657 +0000 cheshev_nikita_igorevich : man
2024-09-08 17:14:40.996 +0000 cheshev_nikita_igorevich : man man
2024-09-08 17:15:38.331 +0000 cheshev_nikita_igorevich : man ls
2024-09-08 17:20:01.172 +0000 cheshev_nikita_igorevich : git clone https://github.com/HAFRY-W/54
2024-09-08 17:20:05.263 +0000 cheshev_nikita_igorevich : ls
2024-09-08 17:20:27.744 +0000 cheshev_nikita_igorevich : mv network_report_copy.txt 54
2024-09-08 17:20:40.056 +0000 cheshev_nikita_igorevich : mv report_copy.txt 54
2024-09-08 17:20:52.348 +0000 cheshev_nikita_igorevich : mv summary.txt 54
2024-09-08 17:20:54.391 +0000 cheshev_nikita_igorevich : ls
2024-09-08 17:21:06.608 +0000 cheshev_nikita_igorevich : mv command_history.txt 54
2024-09-08 17:21:08.636 +0000 cheshev_nikita_igorevich : ls
2024-09-08 17:21:18.865 +0000 cheshev_nikita_igorevich : cd 54
2024-09-08 17:21:20.934 +0000 cheshev_nikita_igorevich : ls
2024-09-08 17:26:59.154 +0000 cheshev_nikita_igorevich : git add command_history.txt 
2024-09-08 17:27:01.202 +0000 cheshev_nikita_igorevich : ls
2024-09-08 17:27:13.447 +0000 cheshev_nikita_igorevich : git add network_report_copy.txt 
2024-09-08 17:27:21.613 +0000 cheshev_nikita_igorevich : git add report_copy.txt 
2024-09-08 17:27:28.769 +0000 cheshev_nikita_igorevich : git add summary.txt 
2024-09-08 17:27:45.038 +0000 cheshev_nikita_igorevich : git commit -m "dadadasda"
2024-09-08 17:28:19.713 +0000 cheshev_nikita_igorevich : git config --global user.email "cheshevn@inbox.ru"
2024-09-08 17:28:21.759 +0000 cheshev_nikita_igorevich : git commit -m "dadadasda"
